rmk-app/platforms/android/app/build/intermediates/manifest_merge_blame_file/release/processReleaseMainManifest/manifest-merger-blame-release-report.txt
1<?xml version="1.0" encoding="utf-8"?>
2<manifest xmlns:android="http://schemas.android.com/apk/res/android"
3    package="com.example.rmkapp"
4    android:hardwareAccelerated="true"
5    android:versionCode="10000"
6    android:versionName="1.0.0" >
7
8    <uses-sdk
9        android:minSdkVersion="24"
10        android:targetSdkVersion="34" />
11
12    <supports-screens
12-->src\main\AndroidManifest.xml:3:5-191
13        android:anyDensity="true"
13-->src\main\AndroidManifest.xml:3:23-48
14        android:largeScreens="true"
14-->src\main\AndroidManifest.xml:3:49-76
15        android:normalScreens="true"
15-->src\main\AndroidManifest.xml:3:77-105
16        android:resizeable="true"
16-->src\main\AndroidManifest.xml:3:106-131
17        android:smallScreens="true"
17-->src\main\AndroidManifest.xml:3:132-159
18        android:xlargeScreens="true" />
18-->src\main\AndroidManifest.xml:3:160-188
19
20    <uses-permission android:name="android.permission.INTERNET" />
20-->src\main\AndroidManifest.xml:4:5-67
20-->src\main\AndroidManifest.xml:4:22-64
21
22    <queries>
22-->src\main\AndroidManifest.xml:16:5-20:15
23        <intent>
23-->src\main\AndroidManifest.xml:17:9-19:18
24            <action android:name="android.media.action.IMAGE_CAPTURE" />
24-->src\main\AndroidManifest.xml:18:13-73
24-->src\main\AndroidManifest.xml:18:21-70
25        </intent>
26    </queries>
27
28    <permission
28-->[androidx.core:core:1.9.0] AndroidManifest.xml:22:5-24:47
29        android:name="com.example.rmkapp.DYNAMIC_RECEIVER_NOT_EXPORTED_PERMISSION"
29-->[androidx.core:core:1.9.0] AndroidManifest.xml:23:9-81
30        android:protectionLevel="signature" />
30-->[androidx.core:core:1.9.0] AndroidManifest.xml:24:9-44
31
32    <uses-permission android:name="com.example.rmkapp.DYNAMIC_RECEIVER_NOT_EXPORTED_PERMISSION" />
32-->[androidx.core:core:1.9.0] AndroidManifest.xml:26:5-97
32-->[androidx.core:core:1.9.0] AndroidManifest.xml:26:22-94
33
34    <application
34-->src\main\AndroidManifest.xml:5:5-15:19
35        android:appComponentFactory="androidx.core.app.CoreComponentFactory"
35-->[androidx.core:core:1.9.0] AndroidManifest.xml:28:18-86
36        android:extractNativeLibs="false"
37        android:hardwareAccelerated="true"
37-->src\main\AndroidManifest.xml:5:18-52
38        android:icon="@mipmap/ic_launcher"
38-->src\main\AndroidManifest.xml:5:53-87
39        android:label="@string/app_name"
39-->src\main\AndroidManifest.xml:5:88-120
40        android:supportsRtl="true" >
40-->src\main\AndroidManifest.xml:5:121-147
41        <activity
41-->src\main\AndroidManifest.xml:6:9-11:20
42            android:name="com.example.rmkapp.MainActivity"
42-->src\main\AndroidManifest.xml:6:229-256
43            android:configChanges="orientation|keyboardHidden|keyboard|screenSize|locale|smallestScreenSize|screenLayout|uiMode"
43-->src\main\AndroidManifest.xml:6:19-135
44            android:exported="true"
44-->src\main\AndroidManifest.xml:6:136-159
45            android:label="@string/activity_name"
45-->src\main\AndroidManifest.xml:6:160-197
46            android:launchMode="singleTop"
46-->src\main\AndroidManifest.xml:6:198-228
47            android:theme="@style/Theme.App.SplashScreen"
47-->src\main\AndroidManifest.xml:6:257-302
48            android:windowSoftInputMode="adjustResize" >
48-->src\main\AndroidManifest.xml:6:303-345
49            <intent-filter android:label="@string/launcher_name" >
49-->src\main\AndroidManifest.xml:7:13-10:29
49-->src\main\AndroidManifest.xml:7:28-65
50                <action android:name="android.intent.action.MAIN" />
50-->src\main\AndroidManifest.xml:8:17-69
50-->src\main\AndroidManifest.xml:8:25-66
51
52                <category android:name="android.intent.category.LAUNCHER" />
52-->src\main\AndroidManifest.xml:9:17-77
52-->src\main\AndroidManifest.xml:9:27-74
53            </intent-filter>
54        </activity>
55
56        <provider
57            android:name="androidx.core.content.FileProvider"
57-->src\main\AndroidManifest.xml:12:141-190
58            android:authorities="com.example.rmkapp.cdv.core.file.provider"
58-->src\main\AndroidManifest.xml:12:19-80
59            android:exported="false"
59-->src\main\AndroidManifest.xml:12:81-105
60            android:grantUriPermissions="true" >
60-->src\main\AndroidManifest.xml:12:106-140
61            <meta-data
61-->src\main\AndroidManifest.xml:13:13-130
62                android:name="android.support.FILE_PROVIDER_PATHS"
62-->src\main\AndroidManifest.xml:13:24-74
63                android:resource="@xml/cdv_core_file_provider_paths" />
63-->src\main\AndroidManifest.xml:13:75-127
64        </provider>
65        <provider
65-->[androidx.emoji2:emoji2:1.2.0] AndroidManifest.xml:24:9-32:20
66            android:name="androidx.startup.InitializationProvider"
66-->[androidx.emoji2:emoji2:1.2.0] AndroidManifest.xml:25:13-67
67            android:authorities="com.example.rmkapp.androidx-startup"
67-->[androidx.emoji2:emoji2:1.2.0] AndroidManifest.xml:26:13-68
68            android:exported="false" >
68-->[androidx.emoji2:emoji2:1.2.0] AndroidManifest.xml:27:13-37
69            <meta-data
69-->[androidx.emoji2:emoji2:1.2.0] AndroidManifest.xml:29:13-31:52
70                android:name="androidx.emoji2.text.EmojiCompatInitializer"
70-->[androidx.emoji2:emoji2:1.2.0] AndroidManifest.xml:30:17-75
71                android:value="androidx.startup" />
71-->[androidx.emoji2:emoji2:1.2.0] AndroidManifest.xml:31:17-49
72            <meta-data
72-->[androidx.lifecycle:lifecycle-process:2.4.1] AndroidManifest.xml:31:13-33:52
73                android:name="androidx.lifecycle.ProcessLifecycleInitializer"
73-->[androidx.lifecycle:lifecycle-process:2.4.1] AndroidManifest.xml:32:17-78
74                android:value="androidx.startup" />
74-->[androidx.lifecycle:lifecycle-process:2.4.1] AndroidManifest.xml:33:17-49
75        </provider>
76    </application>
77
78</manifest>